#
# A fatal error has been detected by the Java Runtime Environment:
#
#  SIGSEGV (0xb) at pc=0x000000010693dc30, pid=570, tid=16643
#
# JRE version: Java(TM) SE Runtime Environment (8.0_51-b16) (build 1.8.0_51-b16)
# Java VM: Java HotSpot(TM) 64-Bit Server VM (25.51-b03 mixed mode bsd-amd64 compressed oops)
# Problematic frame:
# V  [libjvm.dylib+0x432c30]  Method::checked_resolve_jmethod_id(_jmethodID*)+0xe
#
# Failed to write core dump. Core dumps have been disabled. To enable core dumping, try "ulimit -c unlimited" before starting Java again
#
# If you would like to submit a bug report, please visit:
#   http://bugreport.java.com/bugreport/crash.jsp
#

---------------  T H R E A D  ---------------

Current thread (0x00007ffae4809000):  JavaThread "JDWP Transport Listener: dt_socket" daemon [_thread_in_vm, id=16643, stack(0x0000700000ab8000,0x0000700000bb8000)]

siginfo: si_signo: 11 (SIGSEGV), si_code: 1 (SEGV_MAPERR), si_addr: 0x00007ffa00000003

Registers:
RAX=0x0000000000000001, RBX=0x0000700000bb7a8b, RCX=0x0000000106d05190, RDX=0x0000700000bb7a8b
RSP=0x0000700000bb79d0, RBP=0x0000700000bb79e0, RSI=0x00007ffae4809000, RDI=0x00007ffa00000003
R8 =0x0000000000000000, R9 =0x00007ffae2d33350, R10=0x00000000a326412f, R11=0x00007ffae2d00000
R12=0x00007ffae4809000, R13=0x00007ffa00000003, R14=0x00007ffa00000003, R15=0x00007ffae2c17660
RIP=0x000000010693dc30, EFLAGS=0x0000000000010206, ERR=0x0000000000000004
  TRAPNO=0x000000000000000e

Top of Stack: (sp=0x0000700000bb79d0)
0x0000700000bb79d0:   0000700000bb7a8b 0000700000bb7a8b
0x0000700000bb79e0:   0000700000bb7a40 000000010684df8e
0x0000700000bb79f0:   00007ffae4809000 0000000000000000
0x0000700000bb7a00:   0000000000000000 0000000000000000
0x0000700000bb7a10:   00007ffae4809000 00007ffae4809000
0x0000700000bb7a20:   0000700000bb7a8b 0000700000bb7a90
0x0000700000bb7a30:   00007ffa00000003 0000000000000002
0x0000700000bb7a40:   0000700000bb7a60 00000001074dc780
0x0000700000bb7a50:   0000000000000001 0000700000bb7b08
0x0000700000bb7a60:   0000700000bb7ad0 00000001074c11f3
0x0000700000bb7a70:   0000700000bb7aa0 00007ffae2d1d8d0
0x0000700000bb7a80:   0000000300000032 0000000900bb7b08
0x0000700000bb7a90:   0000000000000000 0000000000000000
0x0000700000bb7aa0:   0000000000000000 0000700000bb7c90
0x0000700000bb7ab0:   00000001074e3e7a 00007ffae2d34ea0
0x0000700000bb7ac0:   0000700000bb7b08 00000001074ef598
0x0000700000bb7ad0:   0000700000bb7ae0 00000001074c12ec
0x0000700000bb7ae0:   0000700000bb7d00 00000001074ca898
0x0000700000bb7af0:   00005d3b00000013 00000000000f0200
0x0000700000bb7b00:   00007ffae2d334c0 0000700000bb7bd2
0x0000700000bb7b10:   00007ffa000000b2 0000700000bb7b20
0x0000700000bb7b20:   00007ffa0000007a 0000700000bb7b58
0x0000700000bb7b30:   0000000000000000 0000000000000000
0x0000700000bb7b40:   00005d3b0000000f 0000000000000080
0x0000700000bb7b50:   0000700000bb7b58 fa7f000003000000
0x0000700000bb7b60:   0d000000e856d3e2 6d246164626d616c
0x0000700000bb7b70:   00000030246e6961 6c2f6d6f634c281f
0x0000700000bb7b80:   682f6733756f6e61 2f6b726f77656d6f
0x0000700000bb7b90:   56293b73646f6f47 0a1000f000000000
0x0000700000bb7ba0:   002ef2e2fa7f0000 6e69616d04000000
0x0000700000bb7bb0:   6a4c5b2816000000 676e616c2f617661
0x0000700000bb7bc0:   3b676e697274532f 0000000000005629 

Instructions: (pc=0x000000010693dc30)
0x000000010693dc10:   40 48 48 85 c0 75 e0 30 c0 0f b6 c0 5d c3 31 c0
0x000000010693dc20:   5d c3 55 48 89 e5 53 48 83 ec 08 48 85 ff 74 24
0x000000010693dc30:   48 8b 1f 48 85 db 74 1c 48 83 fb 37 74 16 48 8b
0x000000010693dc40:   03 48 89 df ff 50 10 84 c0 b8 00 00 00 00 48 0f 

Register to memory mapping:

RAX=0x0000000000000001 is an unknown value
RBX=0x0000700000bb7a8b is pointing into the stack for thread: 0x00007ffae4809000
RCX=0x0000000106d05190: UseMembar+0 in /Library/Java/JavaVirtualMachines/jdk1.8.0_51.jdk/Contents/Home/jre/lib/server/libjvm.dylib at 0x000000010650b000
RDX=0x0000700000bb7a8b is pointing into the stack for thread: 0x00007ffae4809000
RSP=0x0000700000bb79d0 is pointing into the stack for thread: 0x00007ffae4809000
RBP=0x0000700000bb79e0 is pointing into the stack for thread: 0x00007ffae4809000
RSI=0x00007ffae4809000 is a thread
RDI=0x00007ffa00000003 is an unknown value
R8 =0x0000000000000000 is an unknown value
R9 =0x00007ffae2d33350 is an unknown value
R10=0x00000000a326412f is an unknown value
R11=0x00007ffae2d00000 is an unknown value
R12=0x00007ffae4809000 is a thread
R13=0x00007ffa00000003 is an unknown value
R14=0x00007ffa00000003 is an unknown value
R15=0x00007ffae2c17660 is an unknown value


Stack: [0x0000700000ab8000,0x0000700000bb8000],  sp=0x0000700000bb79d0,  free space=1022k
Native frames: (J=compiled Java code, j=interpreted, Vv=VM code, C=native code)
V  [libjvm.dylib+0x432c30]  Method::checked_resolve_jmethod_id(_jmethodID*)+0xe
V  [libjvm.dylib+0x342f8e]  jvmti_IsMethodSynthetic+0xb2
C  [libjdwp.dylib+0x20780]  isMethodSynthetic+0x63
C  [libjdwp.dylib+0x51f3]  methods1+0x10b
C  [libjdwp.dylib+0x52ec]  methodsWithGeneric+0xe
C  [libjdwp.dylib+0xe898]  debugLoop_run+0x1ce
C  [libjdwp.dylib+0x1f6ba]  attachThread+0x4d
V  [libjvm.dylib+0x383f3c]  JvmtiAgentThread::call_start_function()+0x38
V  [libjvm.dylib+0x549a6f]  JavaThread::thread_main_inner()+0x9b
V  [libjvm.dylib+0x54b160]  JavaThread::run()+0x1c2
V  [libjvm.dylib+0x46e99e]  java_start(Thread*)+0xf6
C  [libsystem_pthread.dylib+0x39b1]  _pthread_body+0x83
C  [libsystem_pthread.dylib+0x392e]  _pthread_body+0x0
C  [libsystem_pthread.dylib+0x1385]  thread_start+0xd
C  0x0000000000000000


---------------  P R O C E S S  ---------------

Java Threads: ( => current thread )
  0x00007ffae308e000 JavaThread "Service Thread" daemon [_thread_blocked, id=19715, stack(0x00007000010ca000,0x00007000011ca000)]
  0x00007ffae3827000 JavaThread "C1 CompilerThread2" daemon [_thread_blocked, id=19203, stack(0x0000700000fc7000,0x00007000010c7000)]
  0x00007ffae3825800 JavaThread "C2 CompilerThread1" daemon [_thread_blocked, id=18691, stack(0x0000700000ec4000,0x0000700000fc4000)]
  0x00007ffae4068800 JavaThread "C2 CompilerThread0" daemon [_thread_blocked, id=18179, stack(0x0000700000dc1000,0x0000700000ec1000)]
  0x00007ffae4000800 JavaThread "JDWP Command Reader" daemon [_thread_in_native, id=17667, stack(0x0000700000cbe000,0x0000700000dbe000)]
  0x00007ffae4809800 JavaThread "JDWP Event Helper Thread" daemon [_thread_blocked, id=17155, stack(0x0000700000bbb000,0x0000700000cbb000)]
=>0x00007ffae4809000 JavaThread "JDWP Transport Listener: dt_socket" daemon [_thread_in_vm, id=16643, stack(0x0000700000ab8000,0x0000700000bb8000)]
  0x00007ffae307f000 JavaThread "Signal Dispatcher" daemon [_thread_blocked, id=15123, stack(0x00007000009b5000,0x0000700000ab5000)]
  0x00007ffae3028800 JavaThread "Finalizer" daemon [_thread_blocked, id=12291, stack(0x000070000082f000,0x000070000092f000)]
  0x00007ffae3823800 JavaThread "Reference Handler" daemon [_thread_blocked, id=11779, stack(0x000070000072c000,0x000070000082c000)]
  0x00007ffae4002000 JavaThread "main" [_thread_blocked, id=5891, stack(0x000070000011a000,0x000070000021a000)]

Other Threads:
  0x00007ffae3823000 VMThread [stack: 0x0000700000629000,0x0000700000729000] [id=11267]
  0x00007ffae3828000 WatcherThread [stack: 0x00007000011cd000,0x00007000012cd000] [id=20227]

VM state:not at safepoint (normal execution)

VM Mutex/Monitor currently owned by a thread: None

Heap:
 PSYoungGen      total 38400K, used 5366K [0x0000000795580000, 0x0000000798000000, 0x00000007c0000000)
  eden space 33280K, 16% used [0x0000000795580000,0x0000000795abd910,0x0000000797600000)
  from space 5120K, 0% used [0x0000000797b00000,0x0000000797b00000,0x0000000798000000)
  to   space 5120K, 0% used [0x0000000797600000,0x0000000797600000,0x0000000797b00000)
 ParOldGen       total 87552K, used 0K [0x0000000740000000, 0x0000000745580000, 0x0000000795580000)
  object space 87552K, 0% used [0x0000000740000000,0x0000000740000000,0x0000000745580000)
 Metaspace       used 4126K, capacity 4906K, committed 5120K, reserved 1056768K
  class space    used 446K, capacity 466K, committed 512K, reserved 1048576K

Card table byte_map: [0x00000001171c0000,0x00000001175c1000] byte_map_base: 0x00000001137c0000

Marking Bits: (ParMarkBitMap*) 0x0000000106dcd7a0
 Begin Bits: [0x000000011786c000, 0x000000011986c000)
 End Bits:   [0x000000011986c000, 0x000000011b86c000)

Polling page: 0x00000001074bb000

CodeCache: size=245760Kb used=1326Kb max_used=1340Kb free=244433Kb
 bounds [0x0000000107e00000, 0x0000000108070000, 0x0000000116e00000]
 total_blobs=383 nmethods=120 adapters=185
 compilation: enabled

Compilation events (10 events):
Event: 0.673 Thread 0x00007ffae3827000  116       3       java.nio.DirectLongBufferU::ix (10 bytes)
Event: 0.673 Thread 0x00007ffae3827000 nmethod 116 0x0000000107f47210 code [0x0000000107f47360, 0x0000000107f474b0]
Event: 0.675 Thread 0x00007ffae3827000  117       3       java.lang.AbstractStringBuilder::append (29 bytes)
Event: 0.675 Thread 0x00007ffae3825800  118 %     4       sun.nio.cs.UTF_8$Encoder::encode @ 20 (359 bytes)
Event: 0.676 Thread 0x00007ffae3827000 nmethod 117 0x0000000107f49b50 code [0x0000000107f49cc0, 0x0000000107f49fe8]
Event: 0.676 Thread 0x00007ffae3827000  119       3       java.lang.StringBuilder::<init> (7 bytes)
Event: 0.676 Thread 0x00007ffae3827000 nmethod 119 0x0000000107f4a150 code [0x0000000107f4a2c0, 0x0000000107f4a570]
Event: 0.677 Thread 0x00007ffae3827000  120       3       java.lang.StringBuilder::append (8 bytes)
Event: 0.677 Thread 0x00007ffae3827000 nmethod 120 0x0000000107f4a690 code [0x0000000107f4a820, 0x0000000107f4aba8]
Event: 0.702 Thread 0x00007ffae3825800 nmethod 118% 0x0000000107f4e5d0 code [0x0000000107f4e760, 0x0000000107f4f358]

GC Heap History (0 events):
No events

Deoptimization events (0 events):
No events

Internal exceptions (6 events):
Event: 0.085 Thread 0x00007ffae4002000 Exception <a 'java/lang/NoSuchMethodError': Method sun.misc.Unsafe.defineClass(Ljava/lang/String;[BII)Ljava/lang/Class; name or signature does not match> (0x00000007955929d8) thrown at [/Users/java_re/workspace/8-2-build-macosx-x86_64/jdk8u51/3951/hotspot
Event: 0.085 Thread 0x00007ffae4002000 Exception <a 'java/lang/NoSuchMethodError': Method sun.misc.Unsafe.prefetchRead(Ljava/lang/Object;J)V name or signature does not match> (0x0000000795592c68) thrown at [/Users/java_re/workspace/8-2-build-macosx-x86_64/jdk8u51/3951/hotspot/src/share/vm/prim
Event: 0.389 Thread 0x00007ffae4002000 Exception <a 'java/security/PrivilegedActionException'> (0x00000007959c6ee0) thrown at [/Users/java_re/workspace/8-2-build-macosx-x86_64/jdk8u51/3951/hotspot/src/share/vm/prims/jvm.cpp, line 1382]
Event: 0.389 Thread 0x00007ffae4002000 Exception <a 'java/security/PrivilegedActionException'> (0x00000007959c7228) thrown at [/Users/java_re/workspace/8-2-build-macosx-x86_64/jdk8u51/3951/hotspot/src/share/vm/prims/jvm.cpp, line 1382]
Event: 0.389 Thread 0x00007ffae4002000 Exception <a 'java/security/PrivilegedActionException'> (0x00000007959ca5a8) thrown at [/Users/java_re/workspace/8-2-build-macosx-x86_64/jdk8u51/3951/hotspot/src/share/vm/prims/jvm.cpp, line 1382]
Event: 0.389 Thread 0x00007ffae4002000 Exception <a 'java/security/PrivilegedActionException'> (0x00000007959ca8f0) thrown at [/Users/java_re/workspace/8-2-build-macosx-x86_64/jdk8u51/3951/hotspot/src/share/vm/prims/jvm.cpp, line 1382]

Events (10 events):
Event: 10336.255 Executing VM operation: RedefineClasses
Event: 10336.256 Executing VM operation: RedefineClasses done
Event: 10336.257 Executing VM operation: GetOrSetLocal
Event: 10336.257 Executing VM operation: GetOrSetLocal done
Event: 10412.171 Executing VM operation: GetOrSetLocal
Event: 10412.171 Executing VM operation: GetOrSetLocal done
Event: 10479.630 Executing VM operation: RedefineClasses
Event: 10479.631 Executing VM operation: RedefineClasses done
Event: 10479.631 Executing VM operation: GetOrSetLocal
Event: 10479.631 Executing VM operation: GetOrSetLocal done


Dynamic libraries:
0x000000000a879000 	/System/Library/Frameworks/Cocoa.framework/Versions/A/Cocoa
0x000000000a879000 	/System/Library/Frameworks/Security.framework/Versions/A/Security
0x000000000a879000 	/System/Library/Frameworks/ApplicationServices.framework/Versions/A/ApplicationServices
0x000000000a879000 	/usr/lib/libz.1.dylib
0x000000000a879000 	/usr/lib/libSystem.B.dylib
0x000000000a879000 	/usr/lib/libobjc.A.dylib
0x000000000a879000 	/System/Library/Frameworks/CoreFoundation.framework/Versions/A/CoreFoundation
0x000000000a879000 	/System/Library/Frameworks/Foundation.framework/Versions/C/Foundation
0x000000000a879000 	/System/Library/Frameworks/AppKit.framework/Versions/C/AppKit
0x000000000a879000 	/System/Library/Frameworks/CoreData.framework/Versions/A/CoreData
0x000000000a879000 	/System/Library/PrivateFrameworks/RemoteViewServices.framework/Versions/A/RemoteViewServices
0x000000000a879000 	/System/Library/PrivateFrameworks/UIFoundation.framework/Versions/A/UIFoundation
0x000000000a879000 	/usr/lib/libScreenReader.dylib
0x000000000a879000 	/System/Library/Frameworks/Accelerate.framework/Versions/A/Accelerate
0x000000000a879000 	/System/Library/Frameworks/IOSurface.framework/Versions/A/IOSurface
0x000000000a879000 	/System/Library/Frameworks/AudioToolbox.framework/Versions/A/AudioToolbox
0x000000000a879000 	/System/Library/Frameworks/AudioUnit.framework/Versions/A/AudioUnit
0x000000000a879000 	/System/Library/PrivateFrameworks/DataDetectorsCore.framework/Versions/A/DataDetectorsCore
0x000000000a879000 	/System/Library/PrivateFrameworks/DesktopServicesPriv.framework/Versions/A/DesktopServicesPriv
0x000000000a879000 	/System/Library/Frameworks/Carbon.framework/Versions/A/Frameworks/HIToolbox.framework/Versions/A/HIToolbox
0x000000000a879000 	/System/Library/Frameworks/QuartzCore.framework/Versions/A/QuartzCore
0x000000000a879000 	/System/Library/Frameworks/Carbon.framework/Versions/A/Frameworks/SpeechRecognition.framework/Versions/A/SpeechRecognition
0x000000000a879000 	/usr/lib/libauto.dylib
0x000000000a879000 	/usr/lib/libicucore.A.dylib
0x000000000a879000 	/usr/lib/libxml2.2.dylib
0x000000000a879000 	/System/Library/PrivateFrameworks/CoreUI.framework/Versions/A/CoreUI
0x000000000a879000 	/System/Library/Frameworks/CoreAudio.framework/Versions/A/CoreAudio
0x000000000a879000 	/System/Library/Frameworks/DiskArbitration.framework/Versions/A/DiskArbitration
0x000000000a879000 	/usr/lib/liblangid.dylib
0x000000000a879000 	/System/Library/PrivateFrameworks/MultitouchSupport.framework/Versions/A/MultitouchSupport
0x000000000a879000 	/System/Library/Frameworks/IOKit.framework/Versions/A/IOKit
0x000000000a879000 	/usr/lib/libDiagnosticMessagesClient.dylib
0x000000000a879000 	/System/Library/Frameworks/CoreServices.framework/Versions/A/CoreServices
0x000000000a879000 	/System/Library/PrivateFrameworks/PerformanceAnalysis.framework/Versions/A/PerformanceAnalysis
0x000000000a879000 	/System/Library/PrivateFrameworks/GenerationalStorage.framework/Versions/A/GenerationalStorage
0x000000000a879000 	/System/Library/Frameworks/OpenGL.framework/Versions/A/OpenGL
0x000000000a879000 	/System/Library/PrivateFrameworks/Sharing.framework/Versions/A/Sharing
0x000000000a879000 	/System/Library/Frameworks/CoreGraphics.framework/Versions/A/CoreGraphics
0x000000000a879000 	/System/Library/Frameworks/CoreImage.framework/Versions/A/CoreImage
0x000000000a879000 	/System/Library/Frameworks/CoreText.framework/Versions/A/CoreText
0x000000000a879000 	/System/Library/Frameworks/ImageIO.framework/Versions/A/ImageIO
0x000000000a879000 	/System/Library/PrivateFrameworks/Backup.framework/Versions/A/Backup
0x000000000a879000 	/usr/lib/libextension.dylib
0x000000000a879000 	/usr/lib/libarchive.2.dylib
0x000000000a879000 	/System/Library/Frameworks/CFNetwork.framework/Versions/A/CFNetwork
0x000000000a879000 	/System/Library/Frameworks/SystemConfiguration.framework/Versions/A/SystemConfiguration
0x000000000a879000 	/usr/lib/libCRFSuite.dylib
0x000000000a879000 	/usr/lib/libc++.1.dylib
0x000000000a879000 	/usr/lib/libc++abi.dylib
0x000000000a879000 	/usr/lib/system/libcache.dylib
0x000000000a879000 	/usr/lib/system/libcommonCrypto.dylib
0x000000000a879000 	/usr/lib/system/libcompiler_rt.dylib
0x000000000a879000 	/usr/lib/system/libcopyfile.dylib
0x000000000a879000 	/usr/lib/system/libcorecrypto.dylib
0x000000000a879000 	/usr/lib/system/libdispatch.dylib
0x000000000a879000 	/usr/lib/system/libdyld.dylib
0x000000000a879000 	/usr/lib/system/libkeymgr.dylib
0x000000000a879000 	/usr/lib/system/liblaunch.dylib
0x000000000a879000 	/usr/lib/system/libmacho.dylib
0x000000000a879000 	/usr/lib/system/libquarantine.dylib
0x000000000a879000 	/usr/lib/system/libremovefile.dylib
0x000000000a879000 	/usr/lib/system/libsystem_asl.dylib
0x000000000a879000 	/usr/lib/system/libsystem_blocks.dylib
0x000000000a879000 	/usr/lib/system/libsystem_c.dylib
0x000000000a879000 	/usr/lib/system/libsystem_configuration.dylib
0x000000000a879000 	/usr/lib/system/libsystem_coreservices.dylib
0x000000000a879000 	/usr/lib/system/libsystem_coretls.dylib
0x000000000a879000 	/usr/lib/system/libsystem_dnssd.dylib
0x000000000a879000 	/usr/lib/system/libsystem_info.dylib
0x000000000a879000 	/usr/lib/system/libsystem_kernel.dylib
0x000000000a879000 	/usr/lib/system/libsystem_m.dylib
0x000000000a879000 	/usr/lib/system/libsystem_malloc.dylib
0x000000000a879000 	/usr/lib/system/libsystem_network.dylib
0x000000000a879000 	/usr/lib/system/libsystem_networkextension.dylib
0x000000000a879000 	/usr/lib/system/libsystem_notify.dylib
0x000000000a879000 	/usr/lib/system/libsystem_platform.dylib
0x000000000a879000 	/usr/lib/system/libsystem_pthread.dylib
0x000000000a879000 	/usr/lib/system/libsystem_sandbox.dylib
0x000000000a879000 	/usr/lib/system/libsystem_secinit.dylib
0x000000000a879000 	/usr/lib/system/libsystem_trace.dylib
0x000000000a879000 	/usr/lib/system/libunc.dylib
0x000000000a879000 	/usr/lib/system/libunwind.dylib
0x000000000a879000 	/usr/lib/system/libxpc.dylib
0x000000000a879000 	/usr/lib/libenergytrace.dylib
0x000000000a879000 	/usr/lib/libbsm.0.dylib
0x000000000a879000 	/usr/lib/system/libkxld.dylib
0x000000000a879000 	/usr/lib/libxar.1.dylib
0x000000000a879000 	/usr/lib/libsqlite3.dylib
0x000000000a879000 	/usr/lib/libpam.2.dylib
0x000000000a879000 	/usr/lib/libOpenScriptingUtil.dylib
0x000000000a879000 	/usr/lib/libbz2.1.0.dylib
0x000000000a879000 	/usr/lib/liblzma.5.dylib
0x000000000a879000 	/System/Library/Frameworks/CoreServices.framework/Versions/A/Frameworks/FSEvents.framework/Versions/A/FSEvents
0x000000000a879000 	/System/Library/Frameworks/CoreServices.framework/Versions/A/Frameworks/CarbonCore.framework/Versions/A/CarbonCore
0x000000000a879000 	/System/Library/Frameworks/CoreServices.framework/Versions/A/Frameworks/Metadata.framework/Versions/A/Metadata
0x000000000a879000 	/System/Library/Frameworks/CoreServices.framework/Versions/A/Frameworks/OSServices.framework/Versions/A/OSServices
0x000000000a879000 	/System/Library/Frameworks/CoreServices.framework/Versions/A/Frameworks/SearchKit.framework/Versions/A/SearchKit
0x000000000a879000 	/System/Library/Frameworks/CoreServices.framework/Versions/A/Frameworks/AE.framework/Versions/A/AE
0x000000000a879000 	/System/Library/Frameworks/CoreServices.framework/Versions/A/Frameworks/LaunchServices.framework/Versions/A/LaunchServices
0x000000000a879000 	/System/Library/Frameworks/CoreServices.framework/Versions/A/Frameworks/DictionaryServices.framework/Versions/A/DictionaryServices
0x000000000a879000 	/System/Library/Frameworks/CoreServices.framework/Versions/A/Frameworks/SharedFileList.framework/Versions/A/SharedFileList
0x000000000a879000 	/System/Library/Frameworks/NetFS.framework/Versions/A/NetFS
0x000000000a879000 	/System/Library/PrivateFrameworks/NetAuth.framework/Versions/A/NetAuth
0x000000000a879000 	/System/Library/PrivateFrameworks/login.framework/Versions/A/Frameworks/loginsupport.framework/Versions/A/loginsupport
0x000000000a879000 	/System/Library/PrivateFrameworks/TCC.framework/Versions/A/TCC
0x000000000a879000 	/usr/lib/libmecabra.dylib
0x000000000a879000 	/System/Library/Frameworks/ApplicationServices.framework/Versions/A/Frameworks/ATS.framework/Versions/A/ATS
0x000000000a879000 	/System/Library/Frameworks/ApplicationServices.framework/Versions/A/Frameworks/ColorSync.framework/Versions/A/ColorSync
0x000000000a879000 	/System/Library/Frameworks/ApplicationServices.framework/Versions/A/Frameworks/HIServices.framework/Versions/A/HIServices
0x000000000a879000 	/System/Library/Frameworks/ApplicationServices.framework/Versions/A/Frameworks/LangAnalysis.framework/Versions/A/LangAnalysis
0x000000000a879000 	/System/Library/Frameworks/ApplicationServices.framework/Versions/A/Frameworks/PrintCore.framework/Versions/A/PrintCore
0x000000000a879000 	/System/Library/Frameworks/ApplicationServices.framework/Versions/A/Frameworks/QD.framework/Versions/A/QD
0x000000000a879000 	/System/Library/Frameworks/ApplicationServices.framework/Versions/A/Frameworks/SpeechSynthesis.framework/Versions/A/SpeechSynthesis
0x000000000a879000 	/System/Library/Frameworks/Metal.framework/Versions/A/Metal
0x000000000a879000 	/System/Library/Frameworks/Accelerate.framework/Versions/A/Frameworks/vImage.framework/Versions/A/vImage
0x000000000a879000 	/System/Library/Frameworks/Accelerate.framework/Versions/A/Frameworks/vecLib.framework/Versions/A/vecLib
0x000000000a879000 	/System/Library/Frameworks/Accelerate.framework/Versions/A/Frameworks/vecLib.framework/Versions/A/libvDSP.dylib
0x000000000a879000 	/System/Library/Frameworks/Accelerate.framework/Versions/A/Frameworks/vecLib.framework/Versions/A/libvMisc.dylib
0x000000000a879000 	/System/Library/Frameworks/Accelerate.framework/Versions/A/Frameworks/vecLib.framework/Versions/A/libLAPACK.dylib
0x000000000a879000 	/System/Library/Frameworks/Accelerate.framework/Versions/A/Frameworks/vecLib.framework/Versions/A/libBLAS.dylib
0x000000000a879000 	/System/Library/Frameworks/Accelerate.framework/Versions/A/Frameworks/vecLib.framework/Versions/A/libLinearAlgebra.dylib
0x000000000a879000 	/System/Library/Frameworks/Accelerate.framework/Versions/A/Frameworks/vecLib.framework/Versions/A/libSparseBLAS.dylib
0x000000000a879000 	/System/Library/PrivateFrameworks/GPUCompiler.framework/libmetal_timestamp.dylib
0x000000000a879000 	/System/Library/Frameworks/OpenGL.framework/Versions/A/Libraries/libCoreFSCache.dylib
0x000000000a879000 	/System/Library/PrivateFrameworks/IOAccelerator.framework/Versions/A/IOAccelerator
0x000000000a879000 	/System/Library/Frameworks/ApplicationServices.framework/Versions/A/Frameworks/ATS.framework/Versions/A/Resources/libFontParser.dylib
0x000000000a879000 	/System/Library/Frameworks/ApplicationServices.framework/Versions/A/Frameworks/ATS.framework/Versions/A/Resources/libFontRegistry.dylib
0x000000000a879000 	/System/Library/PrivateFrameworks/AppleVPA.framework/Versions/A/AppleVPA
0x000000000a879000 	/System/Library/PrivateFrameworks/AppleJPEG.framework/Versions/A/AppleJPEG
0x000000000a879000 	/System/Library/Frameworks/ImageIO.framework/Versions/A/Resources/libJPEG.dylib
0x000000000a879000 	/System/Library/Frameworks/ImageIO.framework/Versions/A/Resources/libTIFF.dylib
0x000000000a879000 	/System/Library/Frameworks/ImageIO.framework/Versions/A/Resources/libPng.dylib
0x000000000a879000 	/System/Library/Frameworks/ImageIO.framework/Versions/A/Resources/libGIF.dylib
0x000000000a879000 	/System/Library/Frameworks/ImageIO.framework/Versions/A/Resources/libJP2.dylib
0x000000000a879000 	/System/Library/Frameworks/ImageIO.framework/Versions/A/Resources/libRadiance.dylib
0x000000000a879000 	/System/Library/Frameworks/CoreVideo.framework/Versions/A/CoreVideo
0x000000000a879000 	/System/Library/Frameworks/OpenGL.framework/Versions/A/Libraries/libGLU.dylib
0x000000000a879000 	/System/Library/Frameworks/OpenGL.framework/Versions/A/Libraries/libGFXShared.dylib
0x000000000a879000 	/System/Library/Frameworks/OpenGL.framework/Versions/A/Libraries/libGL.dylib
0x000000000a879000 	/System/Library/Frameworks/OpenGL.framework/Versions/A/Libraries/libGLImage.dylib
0x000000000a879000 	/System/Library/Frameworks/OpenGL.framework/Versions/A/Libraries/libCVMSPluginSupport.dylib
0x000000000a879000 	/System/Library/Frameworks/OpenGL.framework/Versions/A/Libraries/libCoreVMClient.dylib
0x000000000a879000 	/usr/lib/libcups.2.dylib
0x000000000a879000 	/System/Library/Frameworks/Kerberos.framework/Versions/A/Kerberos
0x000000000a879000 	/System/Library/Frameworks/GSS.framework/Versions/A/GSS
0x000000000a879000 	/usr/lib/libresolv.9.dylib
0x000000000a879000 	/usr/lib/libiconv.2.dylib
0x000000000a879000 	/System/Library/PrivateFrameworks/Heimdal.framework/Versions/A/Heimdal
0x000000000a879000 	/usr/lib/libheimdal-asn1.dylib
0x000000000a879000 	/System/Library/Frameworks/OpenDirectory.framework/Versions/A/OpenDirectory
0x000000000a879000 	/System/Library/PrivateFrameworks/CommonAuth.framework/Versions/A/CommonAuth
0x000000000a879000 	/System/Library/Frameworks/OpenDirectory.framework/Versions/A/Frameworks/CFOpenDirectory.framework/Versions/A/CFOpenDirectory
0x000000000a879000 	/System/Library/Frameworks/SecurityFoundation.framework/Versions/A/SecurityFoundation
0x000000000a879000 	/System/Library/PrivateFrameworks/LanguageModeling.framework/Versions/A/LanguageModeling
0x000000000a879000 	/usr/lib/libmarisa.dylib
0x000000000a879000 	/usr/lib/libChineseTokenizer.dylib
0x000000000a879000 	/usr/lib/libcmph.dylib
0x000000000a879000 	/usr/lib/libcompression.dylib
0x000000000a879000 	/System/Library/Frameworks/ServiceManagement.framework/Versions/A/ServiceManagement
0x000000000a879000 	/usr/lib/libxslt.1.dylib
0x000000000a879000 	/System/Library/Frameworks/Carbon.framework/Versions/A/Frameworks/Ink.framework/Versions/A/Ink
0x000000000a879000 	/usr/lib/libFosl_dynamic.dylib
0x000000000a879000 	/System/Library/PrivateFrameworks/FaceCore.framework/Versions/A/FaceCore
0x000000000a879000 	/System/Library/Frameworks/OpenCL.framework/Versions/A/OpenCL
0x000000000a879000 	/System/Library/PrivateFrameworks/CrashReporterSupport.framework/Versions/A/CrashReporterSupport
0x000000000a879000 	/System/Library/PrivateFrameworks/IconServices.framework/Versions/A/IconServices
0x000000000a879000 	/System/Library/PrivateFrameworks/Apple80211.framework/Versions/A/Apple80211
0x000000000a879000 	/System/Library/Frameworks/CoreWLAN.framework/Versions/A/CoreWLAN
0x000000000a879000 	/System/Library/Frameworks/IOBluetooth.framework/Versions/A/IOBluetooth
0x000000000a879000 	/System/Library/PrivateFrameworks/CoreWiFi.framework/Versions/A/CoreWiFi
0x000000000a879000 	/System/Library/Frameworks/CoreBluetooth.framework/Versions/A/CoreBluetooth
0x000000000a879000 	/System/Library/PrivateFrameworks/ChunkingLibrary.framework/Versions/A/ChunkingLibrary
0x000000000a879000 	/System/Library/PrivateFrameworks/DebugSymbols.framework/Versions/A/DebugSymbols
0x000000000a879000 	/System/Library/PrivateFrameworks/CoreSymbolication.framework/Versions/A/CoreSymbolication
0x000000000a879000 	/System/Library/PrivateFrameworks/Symbolication.framework/Versions/A/Symbolication
0x000000000a879000 	/System/Library/PrivateFrameworks/SpeechRecognitionCore.framework/Versions/A/SpeechRecognitionCore
0x00000001064c7000 	/System/Library/CoreServices/Encodings/libSimplifiedChineseConverter.dylib
0x000000010650b000 	/Library/Java/JavaVirtualMachines/jdk1.8.0_51.jdk/Contents/Home/jre/lib/server/libjvm.dylib
0x000000000a879000 	/usr/lib/libstdc++.6.dylib
0x0000000107478000 	/Library/Java/JavaVirtualMachines/jdk1.8.0_51.jdk/Contents/Home/jre/lib/libverify.dylib
0x0000000107486000 	/Library/Java/JavaVirtualMachines/jdk1.8.0_51.jdk/Contents/Home/jre/lib/libjava.dylib
0x00000001074bc000 	/Library/Java/JavaVirtualMachines/jdk1.8.0_51.jdk/Contents/Home/jre/lib/libjdwp.dylib
0x0000000107507000 	/Library/Java/JavaVirtualMachines/jdk1.8.0_51.jdk/Contents/Home/jre/lib/libnpt.dylib
0x000000010750b000 	/Library/Java/JavaVirtualMachines/jdk1.8.0_51.jdk/Contents/Home/jre/lib/libinstrument.dylib
0x0000000107569000 	/Library/Java/JavaVirtualMachines/jdk1.8.0_51.jdk/Contents/Home/jre/lib/libzip.dylib
0x000000011d6b8000 	/System/Library/Frameworks/JavaVM.framework/Frameworks/JavaRuntimeSupport.framework/JavaRuntimeSupport
0x000000011d6d3000 	/System/Library/Frameworks/JavaVM.framework/Versions/A/Frameworks/JavaNativeFoundation.framework/Versions/A/JavaNativeFoundation
0x000000011d6e8000 	/System/Library/Frameworks/JavaVM.framework/Versions/A/JavaVM
0x000000000a879000 	/System/Library/Frameworks/Carbon.framework/Versions/A/Carbon
0x000000011d6f5000 	/System/Library/PrivateFrameworks/JavaLaunching.framework/Versions/A/JavaLaunching
0x000000000a879000 	/System/Library/Frameworks/Carbon.framework/Versions/A/Frameworks/CommonPanels.framework/Versions/A/CommonPanels
0x000000000a879000 	/System/Library/Frameworks/Carbon.framework/Versions/A/Frameworks/Help.framework/Versions/A/Help
0x000000000a879000 	/System/Library/Frameworks/Carbon.framework/Versions/A/Frameworks/ImageCapture.framework/Versions/A/ImageCapture
0x000000000a879000 	/System/Library/Frameworks/Carbon.framework/Versions/A/Frameworks/OpenScripting.framework/Versions/A/OpenScripting
0x000000000a879000 	/System/Library/Frameworks/Carbon.framework/Versions/A/Frameworks/Print.framework/Versions/A/Print
0x000000000a879000 	/System/Library/Frameworks/Carbon.framework/Versions/A/Frameworks/SecurityHI.framework/Versions/A/SecurityHI
0x000000011f012000 	/Library/Java/JavaVirtualMachines/jdk1.8.0_51.jdk/Contents/Home/jre/lib/libdt_socket.dylib

VM Arguments:
jvm_args: -agentlib:jdwp=transport=dt_socket,address=127.0.0.1:49606,suspend=y,server=n -javaagent:/Users/dllo/Library/Caches/IntelliJIdea2018.1/captureAgent/debugger-agent.jar=file:/private/var/folders/y1/trq1ym9d4zj08zmpdcjvp8nh0000gn/T/capture.props -Dfile.encoding=UTF-8 
java_command: com.lanou3g.homework.Main
java_class_path (initial): /Library/Java/JavaVirtualMachines/jdk1.8.0_51.jdk/Contents/Home/jre/lib/charsets.jar:/Library/Java/JavaVirtualMachines/jdk1.8.0_51.jdk/Contents/Home/jre/lib/deploy.jar:/Library/Java/JavaVirtualMachines/jdk1.8.0_51.jdk/Contents/Home/jre/lib/ext/cldrdata.jar:/Library/Java/JavaVirtualMachines/jdk1.8.0_51.jdk/Contents/Home/jre/lib/ext/dnsns.jar:/Library/Java/JavaVirtualMachines/jdk1.8.0_51.jdk/Contents/Home/jre/lib/ext/jfxrt.jar:/Library/Java/JavaVirtualMachines/jdk1.8.0_51.jdk/Contents/Home/jre/lib/ext/localedata.jar:/Library/Java/JavaVirtualMachines/jdk1.8.0_51.jdk/Contents/Home/jre/lib/ext/nashorn.jar:/Library/Java/JavaVirtualMachines/jdk1.8.0_51.jdk/Contents/Home/jre/lib/ext/sunec.jar:/Library/Java/JavaVirtualMachines/jdk1.8.0_51.jdk/Contents/Home/jre/lib/ext/sunjce_provider.jar:/Library/Java/JavaVirtualMachines/jdk1.8.0_51.jdk/Contents/Home/jre/lib/ext/sunpkcs11.jar:/Library/Java/JavaVirtualMachines/jdk1.8.0_51.jdk/Contents/Home/jre/lib/ext/zipfs.jar:/Library/Java/JavaVirtualMachines/jdk1.8.0_51.jdk/Contents/Home/jre/lib/javaws.jar:/Library/Java/JavaVirtualMachines/jdk1.8.0_51.jdk/Contents/Home/jre/lib/jce.jar:/Library/Java/JavaVirtualMachines/jdk1.8.0_51.jdk/Contents/Home/jre/lib/jfr.jar:/Library/Java/JavaVirtualMachines/jdk1.8.0_51.jdk/Contents/Home/jre/lib/jfxswt.jar:/Library/Java/JavaVirtualMachines/jdk1.8.0_51.jdk/Contents/Home/jre/lib/jsse.jar:/Library/Java/JavaVirtualMachines/jdk1.8.0_51.jdk/Contents/Home/jre/lib/management-agent.jar:/Library/Java/JavaVirtualMachines/jdk1.8.0_51.jdk/Contents/Home/jre/lib/plugin.jar:/Library/Java/JavaVirtualMachines/jdk1.8.0_51.jdk/Contents/Home/jre/lib/resources.jar:/Library/Java/JavaVirtualMachines/jdk1.8.0_51.jdk/Contents/Home/jre/lib/rt.jar:/Library/Java/JavaVirtualMachines/jdk1.8.0_51.jdk/Contents/Home/lib/ant-javafx.jar:/Library/Java/JavaVirtualMachines/jdk1.8.0_51.jdk/Contents/Home/lib/dt.jar:/Library/Java/JavaVirtualMachines/jdk1.8.0_51.jdk/Contents/Home/lib/javafx-mx.jar:/Library/Java/Jav
Launcher Type: SUN_STANDARD

Environment Variables:
JAVA_HOME=/Library/Java/JavaVirtualMachines/jdk1.8.0_51.jdk/Contents/Home
CLASSPATH=.:/Library/Java/JavaVirtualMachines/jdk1.8.0_51.jdk/Contents/Home/lib/dt.jar:/Library/Java/JavaVirtualMachines/jdk1.8.0_51.jdk/Contents/Home/lib/tools.jar
PATH=/Library/Java/JavaVirtualMachines/jdk1.8.0_51.jdk/Contents/Home/bin:/usr/local/bin:/usr/bin:/bin:/usr/sbin:/sbin::/usr/local/mysql/bin:/Users/dllo/Desktop/apache-maven-3.5.3/bin:/Users/dllo/Desktop/tomcat/apache-tomcat-7.0.86/bin
SHELL=/bin/bash

Signal Handlers:
SIGSEGV: [libjvm.dylib+0x58ef35], sa_mask[0]=11111111011111110111111111111111, sa_flags=SA_ONSTACK|SA_RESTART|SA_SIGINFO
SIGBUS: [libjvm.dylib+0x58ef35], sa_mask[0]=11111111011111110111111111111111, sa_flags=SA_RESTART|SA_SIGINFO
SIGFPE: [libjvm.dylib+0x46c028], sa_mask[0]=11111111011111110111111111111111, sa_flags=SA_RESTART|SA_SIGINFO
SIGPIPE: [libjvm.dylib+0x46c028], sa_mask[0]=11111111011111110111111111111111, sa_flags=SA_RESTART|SA_SIGINFO
SIGXFSZ: [libjvm.dylib+0x46c028], sa_mask[0]=11111111011111110111111111111111, sa_flags=SA_RESTART|SA_SIGINFO
SIGILL: [libjvm.dylib+0x46c028], sa_mask[0]=11111111011111110111111111111111, sa_flags=SA_RESTART|SA_SIGINFO
SIGUSR1: SIG_DFL, sa_mask[0]=00000000000000000000000000000000, sa_flags=none
SIGUSR2: [libjvm.dylib+0x46bb46], sa_mask[0]=00100000000000000000000000000000, sa_flags=SA_RESTART|SA_SIGINFO
SIGHUP: [libjvm.dylib+0x46a119], sa_mask[0]=11111111011111110111111111111111, sa_flags=SA_RESTART|SA_SIGINFO
SIGINT: [libjvm.dylib+0x46a119], sa_mask[0]=11111111011111110111111111111111, sa_flags=SA_RESTART|SA_SIGINFO
SIGTERM: [libjvm.dylib+0x46a119], sa_mask[0]=11111111011111110111111111111111, sa_flags=SA_RESTART|SA_SIGINFO
SIGQUIT: [libjvm.dylib+0x46a119], sa_mask[0]=11111111011111110111111111111111, sa_flags=SA_RESTART|SA_SIGINFO


---------------  S Y S T E M  ---------------

OS:Bsduname:Darwin 15.0.0 Darwin Kernel Version 15.0.0: Sat Sep 19 15:53:46 PDT 2015; root:xnu-3247.10.11~1/RELEASE_X86_64 x86_64
rlimit: STACK 8192k, CORE 0k, NPROC 709, NOFILE 10240, AS infinity
load average:5.72 5.75 6.36

CPU:total 4 (2 cores per cpu, 2 threads per core) family 6 model 69 stepping 1, cmov, cx8, fxsr, mmx, sse, sse2, sse3, ssse3, sse4.1, sse4.2, popcnt, avx, avx2, aes, clmul, erms, lzcnt, ht, tsc, tscinvbit, bmi1, bmi2

Memory: 4k page, physical 8388608k(1554876k free)

/proc/meminfo:


vm_info: Java HotSpot(TM) 64-Bit Server VM (25.51-b03) for bsd-amd64 JRE (1.8.0_51-b16), built on Jun  8 2015 18:01:11 by "java_re" with gcc 4.2.1 (Based on Apple Inc. build 5658) (LLVM build 2336.11.00)

time: Tue Jul 17 13:23:37 2018
elapsed time: 10490 seconds (0d 2h 54m 50s)

