#
# A fatal error has been detected by the Java Runtime Environment:
#
#  SIGSEGV (0xb) at pc=0x000000010230cc30, pid=576, tid=16899
#
# JRE version: Java(TM) SE Runtime Environment (8.0_51-b16) (build 1.8.0_51-b16)
# Java VM: Java HotSpot(TM) 64-Bit Server VM (25.51-b03 mixed mode bsd-amd64 compressed oops)
# Problematic frame:
# V  [libjvm.dylib+0x432c30]
#
# Failed to write core dump. Core dumps have been disabled. To enable core dumping, try "ulimit -c unlimited" before starting Java again
#
# If you would like to submit a bug report, please visit:
#   http://bugreport.java.com/bugreport/crash.jsp
#

---------------  T H R E A D  ---------------

Current thread (0x00007fa36383c800):  JavaThread "JDWP Transport Listener: dt_socket" daemon [_thread_in_vm, id=16899, stack(0x0000700000ab8000,0x0000700000bb8000)]

siginfo: si_signo: 11 (SIGSEGV), si_code: 0 (unknown), si_addr: 0x0000000000000000

Registers:
RAX=0x0000000000000001, RBX=0x0000700000bb7a8b, RCX=0x00000001026d4190, RDX=0x0000700000bb7a8b
RSP=0x0000700000bb79d0, RBP=0x0000700000bb79e0, RSI=0x00007fa36383c800, RDI=0x6f432f6b726f0002
R8 =0x0000000000000000, R9 =0x00007fa361f321b0, R10=0x00000000474ad1ec, R11=0x00007fa361f00000
R12=0x00007fa36383c800, R13=0x6f432f6b726f0002, R14=0x6f432f6b726f0002, R15=0x00007fa361d0d610
RIP=0x000000010230cc30, EFLAGS=0x0000000000010202, ERR=0x0000000000000000
  TRAPNO=0x000000000000000d

Top of Stack: (sp=0x0000700000bb79d0)
0x0000700000bb79d0:   0000700000bb7a8b 0000700000bb7a8b
0x0000700000bb79e0:   0000700000bb7a40 000000010221cf8e
0x0000700000bb79f0:   00007fa36383c800 0000000000000000
0x0000700000bb7a00:   0000000000000000 0000000000000000
0x0000700000bb7a10:   00007fa36383c800 00007fa36383c800
0x0000700000bb7a20:   0000700000bb7a8b 0000700000bb7a90
0x0000700000bb7a30:   6f432f6b726f0002 0000000000000002
0x0000700000bb7a40:   0000700000bb7a60 0000000102ea7780
0x0000700000bb7a50:   0000000000000001 0000700000bb7b08
0x0000700000bb7a60:   0000700000bb7ad0 0000000102e8c1f3
0x0000700000bb7a70:   0000700000bb7aa0 00007fa361f38090
0x0000700000bb7a80:   0000000300000032 0000000900bb7b08
0x0000700000bb7a90:   0000000000000000 0000000000000000
0x0000700000bb7aa0:   0000000000000000 0000700000bb7c90
0x0000700000bb7ab0:   0000000102eaee7a 00007fa361e20b70
0x0000700000bb7ac0:   0000700000bb7b08 0000000102eba598
0x0000700000bb7ad0:   0000700000bb7ae0 0000000102e8c2ec
0x0000700000bb7ae0:   0000700000bb7d00 0000000102e95898
0x0000700000bb7af0:   00005d3e00000013 00000000000f0200
0x0000700000bb7b00:   00007fa361e202a0 0000700000bb7bd2
0x0000700000bb7b10:   00007fa3000000b2 0000700000bb7b20
0x0000700000bb7b20:   000000000000007a 0000700000bb7b58
0x0000700000bb7b30:   0000000000000000 0000000000000000
0x0000700000bb7b40:   00005d3e0000000f 00007fff00009c80
0x0000700000bb7b50:   0000700000bb7b58 a37f000003000000
0x0000700000bb7b60:   0d000000686dc261 6d246164626d616c
0x0000700000bb7b70:   00000030246e6961 6c2f6d6f634c281f
0x0000700000bb7b80:   682f6733756f6e61 2f6b726f77656d6f
0x0000700000bb7b90:   56293b73646f6f47 0a1000f000000000
0x0000700000bb7ba0:   e006f361a37f0000 6e69616d04000000
0x0000700000bb7bb0:   6a4c5b2816000000 676e616c2f617661
0x0000700000bb7bc0:   3b676e697274532f 0000000000005629 

Instructions: (pc=0x000000010230cc30)
0x000000010230cc10:   40 48 48 85 c0 75 e0 30 c0 0f b6 c0 5d c3 31 c0
0x000000010230cc20:   5d c3 55 48 89 e5 53 48 83 ec 08 48 85 ff 74 24
0x000000010230cc30:   48 8b 1f 48 85 db 74 1c 48 83 fb 37 74 16 48 8b
0x000000010230cc40:   03 48 89 df ff 50 10 84 c0 b8 00 00 00 00 48 0f 

Register to memory mapping:

RAX=0x0000000000000001 is an unknown value
RBX=0x0000700000bb7a8b is pointing into the stack for thread: 0x00007fa36383c800
RCX=0x00000001026d4190: UseMembar+0 in /Library/Java/JavaVirtualMachines/jdk1.8.0_51.jdk/Contents/Home/jre/lib/server/libjvm.dylib at 0x0000000101eda000
RDX=0x0000700000bb7a8b is pointing into the stack for thread: 0x00007fa36383c800
RSP=0x0000700000bb79d0 is pointing into the stack for thread: 0x00007fa36383c800
RBP=0x0000700000bb79e0 is pointing into the stack for thread: 0x00007fa36383c800
RSI=0x00007fa36383c800 is a thread
RDI=0x6f432f6b726f0002 is an unknown value
R8 =0x0000000000000000 is an unknown value
R9 =0x00007fa361f321b0 is an unknown value
R10=0x00000000474ad1ec is an unknown value
R11=0x00007fa361f00000 is an unknown value
R12=0x00007fa36383c800 is a thread
R13=0x6f432f6b726f0002 is an unknown value
R14=0x6f432f6b726f0002 is an unknown value
R15=0x00007fa361d0d610 is an unknown value


Stack: [0x0000700000ab8000,0x0000700000bb8000],  sp=0x0000700000bb79d0,  free space=1022k
Native frames: (J=compiled Java code, j=interpreted, Vv=VM code, C=native code)
V  [libjvm.dylib+0x432c30]
V  [libjvm.dylib+0x342f8e]
C  [libjdwp.dylib+0x20780]  isMethodSynthetic+0x63
C  [libjdwp.dylib+0x51f3]  methods1+0x10b
C  [libjdwp.dylib+0x52ec]  methodsWithGeneric+0xe
C  [libjdwp.dylib+0xe898]  debugLoop_run+0x1ce
C  [libjdwp.dylib+0x1f6ba]  attachThread+0x4d
V  [libjvm.dylib+0x383f3c]
V  [libjvm.dylib+0x549a6f]
V  [libjvm.dylib+0x54b160]
V  [libjvm.dylib+0x46e99e]
C  [libsystem_pthread.dylib+0x39b1]  _pthread_body+0x83
C  [libsystem_pthread.dylib+0x392e]  _pthread_body+0x0
C  [libsystem_pthread.dylib+0x1385]  thread_start+0xd
C  0x0000000000000000


---------------  P R O C E S S  ---------------

Java Threads: ( => current thread )
  0x00007fa362876000 JavaThread "Service Thread" daemon [_thread_blocked, id=19971, stack(0x00007000010ca000,0x00007000011ca000)]
  0x00007fa363862000 JavaThread "C1 CompilerThread2" daemon [_thread_blocked, id=19459, stack(0x0000700000fc7000,0x00007000010c7000)]
  0x00007fa362835800 JavaThread "C2 CompilerThread1" daemon [_thread_blocked, id=18947, stack(0x0000700000ec4000,0x0000700000fc4000)]
  0x00007fa363861000 JavaThread "C2 CompilerThread0" daemon [_thread_blocked, id=18435, stack(0x0000700000dc1000,0x0000700000ec1000)]
  0x00007fa362816000 JavaThread "JDWP Command Reader" daemon [_thread_in_native, id=17923, stack(0x0000700000cbe000,0x0000700000dbe000)]
  0x00007fa363858000 JavaThread "JDWP Event Helper Thread" daemon [_thread_blocked, id=17411, stack(0x0000700000bbb000,0x0000700000cbb000)]
=>0x00007fa36383c800 JavaThread "JDWP Transport Listener: dt_socket" daemon [_thread_in_vm, id=16899, stack(0x0000700000ab8000,0x0000700000bb8000)]
  0x00007fa362019000 JavaThread "Signal Dispatcher" daemon [_thread_blocked, id=15119, stack(0x00007000009b5000,0x0000700000ab5000)]
  0x00007fa363835800 JavaThread "Finalizer" daemon [_thread_blocked, id=11779, stack(0x000070000082f000,0x000070000092f000)]
  0x00007fa36200d800 JavaThread "Reference Handler" daemon [_thread_blocked, id=11267, stack(0x000070000072c000,0x000070000082c000)]
  0x00007fa362804000 JavaThread "main" [_thread_blocked, id=4099, stack(0x0000700000084000,0x0000700000184000)]

Other Threads:
  0x00007fa363022000 VMThread [stack: 0x0000700000629000,0x0000700000729000] [id=10755]
  0x00007fa363036800 WatcherThread [stack: 0x00007000011cd000,0x00007000012cd000] [id=20483]

VM state:not at safepoint (normal execution)

VM Mutex/Monitor currently owned by a thread: None

Heap:
 PSYoungGen      total 38400K, used 5363K [0x0000000795580000, 0x0000000798000000, 0x00000007c0000000)
  eden space 33280K, 16% used [0x0000000795580000,0x0000000795abcea0,0x0000000797600000)
  from space 5120K, 0% used [0x0000000797b00000,0x0000000797b00000,0x0000000798000000)
  to   space 5120K, 0% used [0x0000000797600000,0x0000000797600000,0x0000000797b00000)
 ParOldGen       total 87552K, used 0K [0x0000000740000000, 0x0000000745580000, 0x0000000795580000)
  object space 87552K, 0% used [0x0000000740000000,0x0000000740000000,0x0000000745580000)
 Metaspace       used 4124K, capacity 4906K, committed 5120K, reserved 1056768K
  class space    used 446K, capacity 466K, committed 512K, reserved 1048576K

Card table byte_map: [0x0000000112c00000,0x0000000113001000] byte_map_base: 0x000000010f200000

Marking Bits: (ParMarkBitMap*) 0x000000010279c7a0
 Begin Bits: [0x00000001132ac000, 0x00000001152ac000)
 End Bits:   [0x00000001152ac000, 0x00000001172ac000)

Polling page: 0x0000000102e86000

CodeCache: size=245760Kb used=1318Kb max_used=1330Kb free=244441Kb
 bounds [0x0000000102f3d000, 0x00000001031ad000, 0x0000000111f3d000]
 total_blobs=380 nmethods=117 adapters=185
 compilation: enabled

Compilation events (10 events):
Event: 0.532 Thread 0x00007fa363862000 nmethod 112 0x0000000103081750 code [0x00000001030818c0, 0x0000000103081be8]
Event: 0.532 Thread 0x00007fa363862000  113       3       java.lang.StringBuilder::<init> (7 bytes)
Event: 0.532 Thread 0x00007fa363862000 nmethod 113 0x0000000103084550 code [0x00000001030846c0, 0x0000000103084970]
Event: 0.533 Thread 0x00007fa363862000  115       3       java.lang.StringBuilder::append (8 bytes)
Event: 0.533 Thread 0x00007fa363862000 nmethod 115 0x0000000103084a90 code [0x0000000103084c20, 0x0000000103084fa8]
Event: 0.554 Thread 0x00007fa363861000 nmethod 114% 0x0000000103088990 code [0x0000000103088b20, 0x0000000103089718]
Event: 868.351 Thread 0x00007fa363862000  116       3       com.intellij.rt.debugger.agent.CaptureAgent::access$200 (5 bytes)
Event: 868.351 Thread 0x00007fa363862000 nmethod 116 0x00000001030884d0 code [0x0000000103088640, 0x0000000103088890]
Event: 868.351 Thread 0x00007fa363862000  117       3       com.intellij.rt.debugger.agent.CaptureAgent::getNotNull (12 bytes)
Event: 868.352 Thread 0x00007fa363862000 nmethod 117 0x00000001030880d0 code [0x0000000103088240, 0x0000000103088430]

GC Heap History (0 events):
No events

Deoptimization events (0 events):
No events

Internal exceptions (6 events):
Event: 0.054 Thread 0x00007fa362804000 Exception <a 'java/lang/NoSuchMethodError': Method sun.misc.Unsafe.defineClass(Ljava/lang/String;[BII)Ljava/lang/Class; name or signature does not match> (0x0000000795592db0) thrown at [/Users/java_re/workspace/8-2-build-macosx-x86_64/jdk8u51/3951/hotspot
Event: 0.054 Thread 0x00007fa362804000 Exception <a 'java/lang/NoSuchMethodError': Method sun.misc.Unsafe.prefetchRead(Ljava/lang/Object;J)V name or signature does not match> (0x0000000795593040) thrown at [/Users/java_re/workspace/8-2-build-macosx-x86_64/jdk8u51/3951/hotspot/src/share/vm/prim
Event: 0.359 Thread 0x00007fa362804000 Exception <a 'java/security/PrivilegedActionException'> (0x00000007959c6e40) thrown at [/Users/java_re/workspace/8-2-build-macosx-x86_64/jdk8u51/3951/hotspot/src/share/vm/prims/jvm.cpp, line 1382]
Event: 0.359 Thread 0x00007fa362804000 Exception <a 'java/security/PrivilegedActionException'> (0x00000007959c7188) thrown at [/Users/java_re/workspace/8-2-build-macosx-x86_64/jdk8u51/3951/hotspot/src/share/vm/prims/jvm.cpp, line 1382]
Event: 0.360 Thread 0x00007fa362804000 Exception <a 'java/security/PrivilegedActionException'> (0x00000007959ca508) thrown at [/Users/java_re/workspace/8-2-build-macosx-x86_64/jdk8u51/3951/hotspot/src/share/vm/prims/jvm.cpp, line 1382]
Event: 0.360 Thread 0x00007fa362804000 Exception <a 'java/security/PrivilegedActionException'> (0x00000007959ca850) thrown at [/Users/java_re/workspace/8-2-build-macosx-x86_64/jdk8u51/3951/hotspot/src/share/vm/prims/jvm.cpp, line 1382]

Events (10 events):
Event: 10208.321 Executing VM operation: RedefineClasses
Event: 10208.322 Executing VM operation: RedefineClasses done
Event: 10208.324 Executing VM operation: GetOrSetLocal
Event: 10208.325 Executing VM operation: GetOrSetLocal done
Event: 10284.242 Executing VM operation: GetOrSetLocal
Event: 10284.242 Executing VM operation: GetOrSetLocal done
Event: 10351.714 Executing VM operation: RedefineClasses
Event: 10351.716 Executing VM operation: RedefineClasses done
Event: 10351.717 Executing VM operation: GetOrSetLocal
Event: 10351.717 Executing VM operation: GetOrSetLocal done


Dynamic libraries:
0x000000000a879000 	/System/Library/Frameworks/Cocoa.framework/Versions/A/Cocoa
0x000000000a879000 	/System/Library/Frameworks/Security.framework/Versions/A/Security
0x000000000a879000 	/System/Library/Frameworks/ApplicationServices.framework/Versions/A/ApplicationServices
0x000000000a879000 	/usr/lib/libz.1.dylib
0x000000000a879000 	/usr/lib/libSystem.B.dylib
0x000000000a879000 	/usr/lib/libobjc.A.dylib
0x000000000a879000 	/System/Library/Frameworks/CoreFoundation.framework/Versions/A/CoreFoundation
0x000000000a879000 	/System/Library/Frameworks/Foundation.framework/Versions/C/Foundation
0x000000000a879000 	/System/Library/Frameworks/AppKit.framework/Versions/C/AppKit
0x000000000a879000 	/System/Library/Frameworks/CoreData.framework/Versions/A/CoreData
0x000000000a879000 	/System/Library/PrivateFrameworks/RemoteViewServices.framework/Versions/A/RemoteViewServices
0x000000000a879000 	/System/Library/PrivateFrameworks/UIFoundation.framework/Versions/A/UIFoundation
0x000000000a879000 	/usr/lib/libScreenReader.dylib
0x000000000a879000 	/System/Library/Frameworks/Accelerate.framework/Versions/A/Accelerate
0x000000000a879000 	/System/Library/Frameworks/IOSurface.framework/Versions/A/IOSurface
0x000000000a879000 	/System/Library/Frameworks/AudioToolbox.framework/Versions/A/AudioToolbox
0x000000000a879000 	/System/Library/Frameworks/AudioUnit.framework/Versions/A/AudioUnit
0x000000000a879000 	/System/Library/PrivateFrameworks/DataDetectorsCore.framework/Versions/A/DataDetectorsCore
0x000000000a879000 	/System/Library/PrivateFrameworks/DesktopServicesPriv.framework/Versions/A/DesktopServicesPriv
0x000000000a879000 	/System/Library/Frameworks/Carbon.framework/Versions/A/Frameworks/HIToolbox.framework/Versions/A/HIToolbox
0x000000000a879000 	/System/Library/Frameworks/QuartzCore.framework/Versions/A/QuartzCore
0x000000000a879000 	/System/Library/Frameworks/Carbon.framework/Versions/A/Frameworks/SpeechRecognition.framework/Versions/A/SpeechRecognition
0x000000000a879000 	/usr/lib/libauto.dylib
0x000000000a879000 	/usr/lib/libicucore.A.dylib
0x000000000a879000 	/usr/lib/libxml2.2.dylib
0x000000000a879000 	/System/Library/PrivateFrameworks/CoreUI.framework/Versions/A/CoreUI
0x000000000a879000 	/System/Library/Frameworks/CoreAudio.framework/Versions/A/CoreAudio
0x000000000a879000 	/System/Library/Frameworks/DiskArbitration.framework/Versions/A/DiskArbitration
0x000000000a879000 	/usr/lib/liblangid.dylib
0x000000000a879000 	/System/Library/PrivateFrameworks/MultitouchSupport.framework/Versions/A/MultitouchSupport
0x000000000a879000 	/System/Library/Frameworks/IOKit.framework/Versions/A/IOKit
0x000000000a879000 	/usr/lib/libDiagnosticMessagesClient.dylib
0x000000000a879000 	/System/Library/Frameworks/CoreServices.framework/Versions/A/CoreServices
0x000000000a879000 	/System/Library/PrivateFrameworks/PerformanceAnalysis.framework/Versions/A/PerformanceAnalysis
0x000000000a879000 	/System/Library/PrivateFrameworks/GenerationalStorage.framework/Versions/A/GenerationalStorage
0x000000000a879000 	/System/Library/Frameworks/OpenGL.framework/Versions/A/OpenGL
0x000000000a879000 	/System/Library/PrivateFrameworks/Sharing.framework/Versions/A/Sharing
0x000000000a879000 	/System/Library/Frameworks/CoreGraphics.framework/Versions/A/CoreGraphics
0x000000000a879000 	/System/Library/Frameworks/CoreImage.framework/Versions/A/CoreImage
0x000000000a879000 	/System/Library/Frameworks/CoreText.framework/Versions/A/CoreText
0x000000000a879000 	/System/Library/Frameworks/ImageIO.framework/Versions/A/ImageIO
0x000000000a879000 	/System/Library/PrivateFrameworks/Backup.framework/Versions/A/Backup
0x000000000a879000 	/usr/lib/libextension.dylib
0x000000000a879000 	/usr/lib/libarchive.2.dylib
0x000000000a879000 	/System/Library/Frameworks/CFNetwork.framework/Versions/A/CFNetwork
0x000000000a879000 	/System/Library/Frameworks/SystemConfiguration.framework/Versions/A/SystemConfiguration
0x000000000a879000 	/usr/lib/libCRFSuite.dylib
0x000000000a879000 	/usr/lib/libc++.1.dylib
0x000000000a879000 	/usr/lib/libc++abi.dylib
0x000000000a879000 	/usr/lib/system/libcache.dylib
0x000000000a879000 	/usr/lib/system/libcommonCrypto.dylib
0x000000000a879000 	/usr/lib/system/libcompiler_rt.dylib
0x000000000a879000 	/usr/lib/system/libcopyfile.dylib
0x000000000a879000 	/usr/lib/system/libcorecrypto.dylib
0x000000000a879000 	/usr/lib/system/libdispatch.dylib
0x000000000a879000 	/usr/lib/system/libdyld.dylib
0x000000000a879000 	/usr/lib/system/libkeymgr.dylib
0x000000000a879000 	/usr/lib/system/liblaunch.dylib
0x000000000a879000 	/usr/lib/system/libmacho.dylib
0x000000000a879000 	/usr/lib/system/libquarantine.dylib
0x000000000a879000 	/usr/lib/system/libremovefile.dylib
0x000000000a879000 	/usr/lib/system/libsystem_asl.dylib
0x000000000a879000 	/usr/lib/system/libsystem_blocks.dylib
0x000000000a879000 	/usr/lib/system/libsystem_c.dylib
0x000000000a879000 	/usr/lib/system/libsystem_configuration.dylib
0x000000000a879000 	/usr/lib/system/libsystem_coreservices.dylib
0x000000000a879000 	/usr/lib/system/libsystem_coretls.dylib
0x000000000a879000 	/usr/lib/system/libsystem_dnssd.dylib
0x000000000a879000 	/usr/lib/system/libsystem_info.dylib
0x000000000a879000 	/usr/lib/system/libsystem_kernel.dylib
0x000000000a879000 	/usr/lib/system/libsystem_m.dylib
0x000000000a879000 	/usr/lib/system/libsystem_malloc.dylib
0x000000000a879000 	/usr/lib/system/libsystem_network.dylib
0x000000000a879000 	/usr/lib/system/libsystem_networkextension.dylib
0x000000000a879000 	/usr/lib/system/libsystem_notify.dylib
0x000000000a879000 	/usr/lib/system/libsystem_platform.dylib
0x000000000a879000 	/usr/lib/system/libsystem_pthread.dylib
0x000000000a879000 	/usr/lib/system/libsystem_sandbox.dylib
0x000000000a879000 	/usr/lib/system/libsystem_secinit.dylib
0x000000000a879000 	/usr/lib/system/libsystem_trace.dylib
0x000000000a879000 	/usr/lib/system/libunc.dylib
0x000000000a879000 	/usr/lib/system/libunwind.dylib
0x000000000a879000 	/usr/lib/system/libxpc.dylib
0x000000000a879000 	/usr/lib/libenergytrace.dylib
0x000000000a879000 	/usr/lib/libbsm.0.dylib
0x000000000a879000 	/usr/lib/system/libkxld.dylib
0x000000000a879000 	/usr/lib/libxar.1.dylib
0x000000000a879000 	/usr/lib/libsqlite3.dylib
0x000000000a879000 	/usr/lib/libpam.2.dylib
0x000000000a879000 	/usr/lib/libOpenScriptingUtil.dylib
0x000000000a879000 	/usr/lib/libbz2.1.0.dylib
0x000000000a879000 	/usr/lib/liblzma.5.dylib
0x000000000a879000 	/System/Library/Frameworks/CoreServices.framework/Versions/A/Frameworks/FSEvents.framework/Versions/A/FSEvents
0x000000000a879000 	/System/Library/Frameworks/CoreServices.framework/Versions/A/Frameworks/CarbonCore.framework/Versions/A/CarbonCore
0x000000000a879000 	/System/Library/Frameworks/CoreServices.framework/Versions/A/Frameworks/Metadata.framework/Versions/A/Metadata
0x000000000a879000 	/System/Library/Frameworks/CoreServices.framework/Versions/A/Frameworks/OSServices.framework/Versions/A/OSServices
0x000000000a879000 	/System/Library/Frameworks/CoreServices.framework/Versions/A/Frameworks/SearchKit.framework/Versions/A/SearchKit
0x000000000a879000 	/System/Library/Frameworks/CoreServices.framework/Versions/A/Frameworks/AE.framework/Versions/A/AE
0x000000000a879000 	/System/Library/Frameworks/CoreServices.framework/Versions/A/Frameworks/LaunchServices.framework/Versions/A/LaunchServices
0x000000000a879000 	/System/Library/Frameworks/CoreServices.framework/Versions/A/Frameworks/DictionaryServices.framework/Versions/A/DictionaryServices
0x000000000a879000 	/System/Library/Frameworks/CoreServices.framework/Versions/A/Frameworks/SharedFileList.framework/Versions/A/SharedFileList
0x000000000a879000 	/System/Library/Frameworks/NetFS.framework/Versions/A/NetFS
0x000000000a879000 	/System/Library/PrivateFrameworks/NetAuth.framework/Versions/A/NetAuth
0x000000000a879000 	/System/Library/PrivateFrameworks/login.framework/Versions/A/Frameworks/loginsupport.framework/Versions/A/loginsupport
0x000000000a879000 	/System/Library/PrivateFrameworks/TCC.framework/Versions/A/TCC
0x000000000a879000 	/usr/lib/libmecabra.dylib
0x000000000a879000 	/System/Library/Frameworks/ApplicationServices.framework/Versions/A/Frameworks/ATS.framework/Versions/A/ATS
0x000000000a879000 	/System/Library/Frameworks/ApplicationServices.framework/Versions/A/Frameworks/ColorSync.framework/Versions/A/ColorSync
0x000000000a879000 	/System/Library/Frameworks/ApplicationServices.framework/Versions/A/Frameworks/HIServices.framework/Versions/A/HIServices
0x000000000a879000 	/System/Library/Frameworks/ApplicationServices.framework/Versions/A/Frameworks/LangAnalysis.framework/Versions/A/LangAnalysis
0x000000000a879000 	/System/Library/Frameworks/ApplicationServices.framework/Versions/A/Frameworks/PrintCore.framework/Versions/A/PrintCore
0x000000000a879000 	/System/Library/Frameworks/ApplicationServices.framework/Versions/A/Frameworks/QD.framework/Versions/A/QD
0x000000000a879000 	/System/Library/Frameworks/ApplicationServices.framework/Versions/A/Frameworks/SpeechSynthesis.framework/Versions/A/SpeechSynthesis
0x000000000a879000 	/System/Library/Frameworks/Metal.framework/Versions/A/Metal
0x000000000a879000 	/System/Library/Frameworks/Accelerate.framework/Versions/A/Frameworks/vImage.framework/Versions/A/vImage
0x000000000a879000 	/System/Library/Frameworks/Accelerate.framework/Versions/A/Frameworks/vecLib.framework/Versions/A/vecLib
0x000000000a879000 	/System/Library/Frameworks/Accelerate.framework/Versions/A/Frameworks/vecLib.framework/Versions/A/libvDSP.dylib
0x000000000a879000 	/System/Library/Frameworks/Accelerate.framework/Versions/A/Frameworks/vecLib.framework/Versions/A/libvMisc.dylib
0x000000000a879000 	/System/Library/Frameworks/Accelerate.framework/Versions/A/Frameworks/vecLib.framework/Versions/A/libLAPACK.dylib
0x000000000a879000 	/System/Library/Frameworks/Accelerate.framework/Versions/A/Frameworks/vecLib.framework/Versions/A/libBLAS.dylib
0x000000000a879000 	/System/Library/Frameworks/Accelerate.framework/Versions/A/Frameworks/vecLib.framework/Versions/A/libLinearAlgebra.dylib
0x000000000a879000 	/System/Library/Frameworks/Accelerate.framework/Versions/A/Frameworks/vecLib.framework/Versions/A/libSparseBLAS.dylib
0x000000000a879000 	/System/Library/PrivateFrameworks/GPUCompiler.framework/libmetal_timestamp.dylib
0x000000000a879000 	/System/Library/Frameworks/OpenGL.framework/Versions/A/Libraries/libCoreFSCache.dylib
0x000000000a879000 	/System/Library/PrivateFrameworks/IOAccelerator.framework/Versions/A/IOAccelerator
0x000000000a879000 	/System/Library/Frameworks/ApplicationServices.framework/Versions/A/Frameworks/ATS.framework/Versions/A/Resources/libFontParser.dylib
0x000000000a879000 	/System/Library/Frameworks/ApplicationServices.framework/Versions/A/Frameworks/ATS.framework/Versions/A/Resources/libFontRegistry.dylib
0x000000000a879000 	/System/Library/PrivateFrameworks/AppleVPA.framework/Versions/A/AppleVPA
0x000000000a879000 	/System/Library/PrivateFrameworks/AppleJPEG.framework/Versions/A/AppleJPEG
0x000000000a879000 	/System/Library/Frameworks/ImageIO.framework/Versions/A/Resources/libJPEG.dylib
0x000000000a879000 	/System/Library/Frameworks/ImageIO.framework/Versions/A/Resources/libTIFF.dylib
0x000000000a879000 	/System/Library/Frameworks/ImageIO.framework/Versions/A/Resources/libPng.dylib
0x000000000a879000 	/System/Library/Frameworks/ImageIO.framework/Versions/A/Resources/libGIF.dylib
0x000000000a879000 	/System/Library/Frameworks/ImageIO.framework/Versions/A/Resources/libJP2.dylib
0x000000000a879000 	/System/Library/Frameworks/ImageIO.framework/Versions/A/Resources/libRadiance.dylib
0x000000000a879000 	/System/Library/Frameworks/CoreVideo.framework/Versions/A/CoreVideo
0x000000000a879000 	/System/Library/Frameworks/OpenGL.framework/Versions/A/Libraries/libGLU.dylib
0x000000000a879000 	/System/Library/Frameworks/OpenGL.framework/Versions/A/Libraries/libGFXShared.dylib
0x000000000a879000 	/System/Library/Frameworks/OpenGL.framework/Versions/A/Libraries/libGL.dylib
0x000000000a879000 	/System/Library/Frameworks/OpenGL.framework/Versions/A/Libraries/libGLImage.dylib
0x000000000a879000 	/System/Library/Frameworks/OpenGL.framework/Versions/A/Libraries/libCVMSPluginSupport.dylib
0x000000000a879000 	/System/Library/Frameworks/OpenGL.framework/Versions/A/Libraries/libCoreVMClient.dylib
0x000000000a879000 	/usr/lib/libcups.2.dylib
0x000000000a879000 	/System/Library/Frameworks/Kerberos.framework/Versions/A/Kerberos
0x000000000a879000 	/System/Library/Frameworks/GSS.framework/Versions/A/GSS
0x000000000a879000 	/usr/lib/libresolv.9.dylib
0x000000000a879000 	/usr/lib/libiconv.2.dylib
0x000000000a879000 	/System/Library/PrivateFrameworks/Heimdal.framework/Versions/A/Heimdal
0x000000000a879000 	/usr/lib/libheimdal-asn1.dylib
0x000000000a879000 	/System/Library/Frameworks/OpenDirectory.framework/Versions/A/OpenDirectory
0x000000000a879000 	/System/Library/PrivateFrameworks/CommonAuth.framework/Versions/A/CommonAuth
0x000000000a879000 	/System/Library/Frameworks/OpenDirectory.framework/Versions/A/Frameworks/CFOpenDirectory.framework/Versions/A/CFOpenDirectory
0x000000000a879000 	/System/Library/Frameworks/SecurityFoundation.framework/Versions/A/SecurityFoundation
0x000000000a879000 	/System/Library/PrivateFrameworks/LanguageModeling.framework/Versions/A/LanguageModeling
0x000000000a879000 	/usr/lib/libmarisa.dylib
0x000000000a879000 	/usr/lib/libChineseTokenizer.dylib
0x000000000a879000 	/usr/lib/libcmph.dylib
0x000000000a879000 	/usr/lib/libcompression.dylib
0x000000000a879000 	/System/Library/Frameworks/ServiceManagement.framework/Versions/A/ServiceManagement
0x000000000a879000 	/usr/lib/libxslt.1.dylib
0x000000000a879000 	/System/Library/Frameworks/Carbon.framework/Versions/A/Frameworks/Ink.framework/Versions/A/Ink
0x000000000a879000 	/usr/lib/libFosl_dynamic.dylib
0x000000000a879000 	/System/Library/PrivateFrameworks/FaceCore.framework/Versions/A/FaceCore
0x000000000a879000 	/System/Library/Frameworks/OpenCL.framework/Versions/A/OpenCL
0x000000000a879000 	/System/Library/PrivateFrameworks/CrashReporterSupport.framework/Versions/A/CrashReporterSupport
0x000000000a879000 	/System/Library/PrivateFrameworks/IconServices.framework/Versions/A/IconServices
0x000000000a879000 	/System/Library/PrivateFrameworks/Apple80211.framework/Versions/A/Apple80211
0x000000000a879000 	/System/Library/Frameworks/CoreWLAN.framework/Versions/A/CoreWLAN
0x000000000a879000 	/System/Library/Frameworks/IOBluetooth.framework/Versions/A/IOBluetooth
0x000000000a879000 	/System/Library/PrivateFrameworks/CoreWiFi.framework/Versions/A/CoreWiFi
0x000000000a879000 	/System/Library/Frameworks/CoreBluetooth.framework/Versions/A/CoreBluetooth
0x000000000a879000 	/System/Library/PrivateFrameworks/ChunkingLibrary.framework/Versions/A/ChunkingLibrary
0x000000000a879000 	/System/Library/PrivateFrameworks/DebugSymbols.framework/Versions/A/DebugSymbols
0x000000000a879000 	/System/Library/PrivateFrameworks/CoreSymbolication.framework/Versions/A/CoreSymbolication
0x000000000a879000 	/System/Library/PrivateFrameworks/Symbolication.framework/Versions/A/Symbolication
0x000000000a879000 	/System/Library/PrivateFrameworks/SpeechRecognitionCore.framework/Versions/A/SpeechRecognitionCore
0x0000000101e96000 	/System/Library/CoreServices/Encodings/libSimplifiedChineseConverter.dylib
0x0000000101eda000 	/Library/Java/JavaVirtualMachines/jdk1.8.0_51.jdk/Contents/Home/jre/lib/server/libjvm.dylib
0x000000000a879000 	/usr/lib/libstdc++.6.dylib
0x0000000102e43000 	/Library/Java/JavaVirtualMachines/jdk1.8.0_51.jdk/Contents/Home/jre/lib/libverify.dylib
0x0000000102e51000 	/Library/Java/JavaVirtualMachines/jdk1.8.0_51.jdk/Contents/Home/jre/lib/libjava.dylib
0x0000000102e87000 	/Library/Java/JavaVirtualMachines/jdk1.8.0_51.jdk/Contents/Home/jre/lib/libjdwp.dylib
0x0000000102ed2000 	/Library/Java/JavaVirtualMachines/jdk1.8.0_51.jdk/Contents/Home/jre/lib/libnpt.dylib
0x0000000102ed6000 	/Library/Java/JavaVirtualMachines/jdk1.8.0_51.jdk/Contents/Home/jre/lib/libinstrument.dylib
0x0000000102f34000 	/Library/Java/JavaVirtualMachines/jdk1.8.0_51.jdk/Contents/Home/jre/lib/libzip.dylib
0x0000000119082000 	/System/Library/Frameworks/JavaVM.framework/Frameworks/JavaRuntimeSupport.framework/JavaRuntimeSupport
0x000000011909d000 	/System/Library/Frameworks/JavaVM.framework/Versions/A/Frameworks/JavaNativeFoundation.framework/Versions/A/JavaNativeFoundation
0x00000001190b2000 	/System/Library/Frameworks/JavaVM.framework/Versions/A/JavaVM
0x000000000a879000 	/System/Library/Frameworks/Carbon.framework/Versions/A/Carbon
0x00000001190bf000 	/System/Library/PrivateFrameworks/JavaLaunching.framework/Versions/A/JavaLaunching
0x000000000a879000 	/System/Library/Frameworks/Carbon.framework/Versions/A/Frameworks/CommonPanels.framework/Versions/A/CommonPanels
0x000000000a879000 	/System/Library/Frameworks/Carbon.framework/Versions/A/Frameworks/Help.framework/Versions/A/Help
0x000000000a879000 	/System/Library/Frameworks/Carbon.framework/Versions/A/Frameworks/ImageCapture.framework/Versions/A/ImageCapture
0x000000000a879000 	/System/Library/Frameworks/Carbon.framework/Versions/A/Frameworks/OpenScripting.framework/Versions/A/OpenScripting
0x000000000a879000 	/System/Library/Frameworks/Carbon.framework/Versions/A/Frameworks/Print.framework/Versions/A/Print
0x000000000a879000 	/System/Library/Frameworks/Carbon.framework/Versions/A/Frameworks/SecurityHI.framework/Versions/A/SecurityHI
0x000000011a9dc000 	/Library/Java/JavaVirtualMachines/jdk1.8.0_51.jdk/Contents/Home/jre/lib/libdt_socket.dylib

VM Arguments:
jvm_args: -agentlib:jdwp=transport=dt_socket,address=127.0.0.1:49618,suspend=y,server=n -javaagent:/Users/dllo/Library/Caches/IntelliJIdea2018.1/captureAgent/debugger-agent.jar=file:/private/var/folders/y1/trq1ym9d4zj08zmpdcjvp8nh0000gn/T/capture.props -Dfile.encoding=UTF-8 
java_command: com.lanou3g.homework.Main
java_class_path (initial): /Library/Java/JavaVirtualMachines/jdk1.8.0_51.jdk/Contents/Home/jre/lib/charsets.jar:/Library/Java/JavaVirtualMachines/jdk1.8.0_51.jdk/Contents/Home/jre/lib/deploy.jar:/Library/Java/JavaVirtualMachines/jdk1.8.0_51.jdk/Contents/Home/jre/lib/ext/cldrdata.jar:/Library/Java/JavaVirtualMachines/jdk1.8.0_51.jdk/Contents/Home/jre/lib/ext/dnsns.jar:/Library/Java/JavaVirtualMachines/jdk1.8.0_51.jdk/Contents/Home/jre/lib/ext/jfxrt.jar:/Library/Java/JavaVirtualMachines/jdk1.8.0_51.jdk/Contents/Home/jre/lib/ext/localedata.jar:/Library/Java/JavaVirtualMachines/jdk1.8.0_51.jdk/Contents/Home/jre/lib/ext/nashorn.jar:/Library/Java/JavaVirtualMachines/jdk1.8.0_51.jdk/Contents/Home/jre/lib/ext/sunec.jar:/Library/Java/JavaVirtualMachines/jdk1.8.0_51.jdk/Contents/Home/jre/lib/ext/sunjce_provider.jar:/Library/Java/JavaVirtualMachines/jdk1.8.0_51.jdk/Contents/Home/jre/lib/ext/sunpkcs11.jar:/Library/Java/JavaVirtualMachines/jdk1.8.0_51.jdk/Contents/Home/jre/lib/ext/zipfs.jar:/Library/Java/JavaVirtualMachines/jdk1.8.0_51.jdk/Contents/Home/jre/lib/javaws.jar:/Library/Java/JavaVirtualMachines/jdk1.8.0_51.jdk/Contents/Home/jre/lib/jce.jar:/Library/Java/JavaVirtualMachines/jdk1.8.0_51.jdk/Contents/Home/jre/lib/jfr.jar:/Library/Java/JavaVirtualMachines/jdk1.8.0_51.jdk/Contents/Home/jre/lib/jfxswt.jar:/Library/Java/JavaVirtualMachines/jdk1.8.0_51.jdk/Contents/Home/jre/lib/jsse.jar:/Library/Java/JavaVirtualMachines/jdk1.8.0_51.jdk/Contents/Home/jre/lib/management-agent.jar:/Library/Java/JavaVirtualMachines/jdk1.8.0_51.jdk/Contents/Home/jre/lib/plugin.jar:/Library/Java/JavaVirtualMachines/jdk1.8.0_51.jdk/Contents/Home/jre/lib/resources.jar:/Library/Java/JavaVirtualMachines/jdk1.8.0_51.jdk/Contents/Home/jre/lib/rt.jar:/Library/Java/JavaVirtualMachines/jdk1.8.0_51.jdk/Contents/Home/lib/ant-javafx.jar:/Library/Java/JavaVirtualMachines/jdk1.8.0_51.jdk/Contents/Home/lib/dt.jar:/Library/Java/JavaVirtualMachines/jdk1.8.0_51.jdk/Contents/Home/lib/javafx-mx.jar:/Library/Java/Jav
Launcher Type: SUN_STANDARD

Environment Variables:
JAVA_HOME=/Library/Java/JavaVirtualMachines/jdk1.8.0_51.jdk/Contents/Home
CLASSPATH=.:/Library/Java/JavaVirtualMachines/jdk1.8.0_51.jdk/Contents/Home/lib/dt.jar:/Library/Java/JavaVirtualMachines/jdk1.8.0_51.jdk/Contents/Home/lib/tools.jar
PATH=/Library/Java/JavaVirtualMachines/jdk1.8.0_51.jdk/Contents/Home/bin:/usr/local/bin:/usr/bin:/bin:/usr/sbin:/sbin::/usr/local/mysql/bin:/Users/dllo/Desktop/apache-maven-3.5.3/bin:/Users/dllo/Desktop/tomcat/apache-tomcat-7.0.86/bin
SHELL=/bin/bash

Signal Handlers:
SIGSEGV: [libjvm.dylib+0x58ef35], sa_mask[0]=11111111011111110111111111111111, sa_flags=SA_ONSTACK|SA_RESTART|SA_SIGINFO
SIGBUS: [libjvm.dylib+0x58ef35], sa_mask[0]=11111111011111110111111111111111, sa_flags=SA_RESTART|SA_SIGINFO
SIGFPE: [libjvm.dylib+0x46c028], sa_mask[0]=11111111011111110111111111111111, sa_flags=SA_RESTART|SA_SIGINFO
SIGPIPE: [libjvm.dylib+0x46c028], sa_mask[0]=11111111011111110111111111111111, sa_flags=SA_RESTART|SA_SIGINFO
SIGXFSZ: [libjvm.dylib+0x46c028], sa_mask[0]=11111111011111110111111111111111, sa_flags=SA_RESTART|SA_SIGINFO
SIGILL: [libjvm.dylib+0x46c028], sa_mask[0]=11111111011111110111111111111111, sa_flags=SA_RESTART|SA_SIGINFO
SIGUSR1: SIG_DFL, sa_mask[0]=00000000000000000000000000000000, sa_flags=none
SIGUSR2: [libjvm.dylib+0x46bb46], sa_mask[0]=00100000000000000000000000000000, sa_flags=SA_RESTART|SA_SIGINFO
SIGHUP: [libjvm.dylib+0x46a119], sa_mask[0]=11111111011111110111111111111111, sa_flags=SA_RESTART|SA_SIGINFO
SIGINT: [libjvm.dylib+0x46a119], sa_mask[0]=11111111011111110111111111111111, sa_flags=SA_RESTART|SA_SIGINFO
SIGTERM: [libjvm.dylib+0x46a119], sa_mask[0]=11111111011111110111111111111111, sa_flags=SA_RESTART|SA_SIGINFO
SIGQUIT: [libjvm.dylib+0x46a119], sa_mask[0]=11111111011111110111111111111111, sa_flags=SA_RESTART|SA_SIGINFO


---------------  S Y S T E M  ---------------

OS:Bsduname:Darwin 15.0.0 Darwin Kernel Version 15.0.0: Sat Sep 19 15:53:46 PDT 2015; root:xnu-3247.10.11~1/RELEASE_X86_64 x86_64
rlimit: STACK 8192k, CORE 0k, NPROC 709, NOFILE 10240, AS infinity
load average:5.72 5.75 6.36

CPU:total 4 (2 cores per cpu, 2 threads per core) family 6 model 69 stepping 1, cmov, cx8, fxsr, mmx, sse, sse2, sse3, ssse3, sse4.1, sse4.2, popcnt, avx, avx2, aes, clmul, erms, lzcnt, ht, tsc, tscinvbit, bmi1, bmi2

Memory: 4k page, physical 8388608k(1554876k free)

/proc/meminfo:


vm_info: Java HotSpot(TM) 64-Bit Server VM (25.51-b03) for bsd-amd64 JRE (1.8.0_51-b16), built on Jun  8 2015 18:01:11 by "java_re" with gcc 4.2.1 (Based on Apple Inc. build 5658) (LLVM build 2336.11.00)

time: Tue Jul 17 13:23:37 2018
elapsed time: 10362 seconds (0d 2h 52m 42s)

